<?xml version="1.0" encoding="UTF-8"?>
<!-- Generated by org.testng.reporters.JUnitReportReporter -->
<testsuite hostname="DESKTOP-H9C8K9D" failures="0" tests="2" name="com.syntax.testcases.MercuryLoginPageTest" time="21.226" errors="0" timestamp="12 Jun 2019 15:38:56 GMT" skipped="0">
  <testcase classname="com.syntax.testcases.MercuryLoginPageTest" name="loginWithTruePass" time="11.182"/>
  <testcase classname="com.syntax.testcases.MercuryLoginPageTest" name="loginWithWrongPass" time="10.044"/>
</testsuite> <!-- com.syntax.testcases.MercuryLoginPageTest -->
